#
# There is insufficient memory for the Java Runtime Environment to continue.
# Native memory allocation (malloc) failed to allocate 2097152 bytes. Error detail: AllocateHeap
# Possible reasons:
#   The system is out of physical RAM or swap space
#   This process is running with CompressedOops enabled, and the Java Heap may be blocking the growth of the native heap
# Possible solutions:
#   Reduce memory load on the system
#   Increase physical memory or swap space
#   Check if swap backing store is full
#   Decrease Java heap size (-Xmx/-Xms)
#   Decrease number of Java threads
#   Decrease Java thread stack sizes (-Xss)
#   Set larger code cache with -XX:ReservedCodeCacheSize=
#   JVM is running with Unscaled Compressed Oops mode in which the Java heap is
#     placed in the first 4GB address space. The Java Heap base address is the
#     maximum limit for the native heap growth. Please use -XX:HeapBaseMinAddress
#     to set the Java Heap base and to place the Java Heap above 4GB virtual address.
# This output file may be truncated or incomplete.
#
#  Out of Memory Error (allocation.cpp:44), pid=8556, tid=13540
#
# JRE version: OpenJDK Runtime Environment (23.0+37) (build 23+37-2369)
# Java VM: OpenJDK 64-Bit Server VM (23+37-2369, mixed mode, emulated-client, sharing, tiered, compressed oops, compressed class ptrs, g1 gc, windows-amd64)
# No core dump will be written. Minidumps are not enabled by default on client versions of Windows
#

---------------  S U M M A R Y ------------

Command Line: -XX:TieredStopAtLevel=1 -Dspring.output.ansi.enabled=always -Dcom.sun.management.jmxremote -Dspring.jmx.enabled=true -Dspring.liveBeansView.mbeanDomain -Dspring.application.admin.enabled=true -Dmanagement.endpoints.jmx.exposure.include=* -javaagent:C:\Users\Admin\AppData\Local\Programs\IntelliJ IDEA Ultimate 2024.1.2\lib\idea_rt.jar=50560:C:\Users\Admin\AppData\Local\Programs\IntelliJ IDEA Ultimate 2024.1.2\bin -Dfile.encoding=UTF-8 -Dsun.stdout.encoding=UTF-8 -Dsun.stderr.encoding=UTF-8 com.example.testc.TestCApplication

Host: AMD Ryzen 5 5600H with Radeon Graphics         , 12 cores, 7G,  Windows 11 , 64 bit Build 22621 (10.0.22621.4391)
Time: Thu Nov 14 20:04:51 2024 SE Asia Standard Time elapsed time: 565.101567 seconds (0d 0h 9m 25s)

---------------  T H R E A D  ---------------

Current thread (0x00000248964c16a0):  VMThread "VM Thread"          [id=13540, stack(0x00000077e5c00000,0x00000077e5d00000) (1024K)]

Stack: [0x00000077e5c00000,0x00000077e5d00000]
Native frames: (J=compiled Java code, j=interpreted, Vv=VM code, C=native code)
V  [jvm.dll+0x6e08a9]  (no source info available)
V  [jvm.dll+0x87da63]  (no source info available)
V  [jvm.dll+0x87feee]  (no source info available)
V  [jvm.dll+0x8805c3]  (no source info available)
V  [jvm.dll+0x27aee6]  (no source info available)
V  [jvm.dll+0xb6a17]  (no source info available)
V  [jvm.dll+0x345522]  (no source info available)
V  [jvm.dll+0x340219]  (no source info available)
V  [jvm.dll+0x3284e2]  (no source info available)
V  [jvm.dll+0x372bd4]  (no source info available)
V  [jvm.dll+0x886500]  (no source info available)
V  [jvm.dll+0x887827]  (no source info available)
V  [jvm.dll+0x887d58]  (no source info available)
V  [jvm.dll+0x887ff3]  (no source info available)
V  [jvm.dll+0x824f1b]  (no source info available)
V  [jvm.dll+0x6df055]  (no source info available)
C  [ucrtbase.dll+0x29333]  (no source info available)
C  [KERNEL32.DLL+0x1259d]  (no source info available)
C  [ntdll.dll+0x5af38]  (no source info available)

VM_Operation (0x00000077e52ff5a0): G1CollectFull, mode: safepoint, requested by thread 0x00000248dd2b3d20


---------------  P R O C E S S  ---------------

Threads class SMR info:
_java_thread_list=0x00000248ded4d530, length=18, elements={
0x00000248964d9de0, 0x00000248964daba0, 0x00000248964e1ed0, 0x00000248964e3aa0,
0x00000248964e5510, 0x00000248964e6df0, 0x00000248964ee010, 0x00000248964e7b10,
0x00000248964e6760, 0x00000248964e81a0, 0x00000248964e9550, 0x00000248dd2b0210,
0x00000248dd2b5760, 0x00000248dd2b08a0, 0x00000248dec53c50, 0x00000248dd2b1c50,
0x00000248dd2aee60, 0x00000248dd2b3d20
}

Java Threads: ( => current thread )
  0x00000248964d9de0 JavaThread "Reference Handler"          daemon [_thread_blocked, id=20044, stack(0x00000077e5d00000,0x00000077e5e00000) (1024K)]
  0x00000248964daba0 JavaThread "Finalizer"                  daemon [_thread_blocked, id=7724, stack(0x00000077e5e00000,0x00000077e5f00000) (1024K)]
  0x00000248964e1ed0 JavaThread "Signal Dispatcher"          daemon [_thread_blocked, id=20020, stack(0x00000077e5f00000,0x00000077e6000000) (1024K)]
  0x00000248964e3aa0 JavaThread "Attach Listener"            daemon [_thread_blocked, id=19888, stack(0x00000077e6000000,0x00000077e6100000) (1024K)]
  0x00000248964e5510 JavaThread "Service Thread"             daemon [_thread_blocked, id=19084, stack(0x00000077e6100000,0x00000077e6200000) (1024K)]
  0x00000248964e6df0 JavaThread "Monitor Deflation Thread"   daemon [_thread_blocked, id=19884, stack(0x00000077e6200000,0x00000077e6300000) (1024K)]
  0x00000248964ee010 JavaThread "C1 CompilerThread0"         daemon [_thread_blocked, id=19904, stack(0x00000077e6300000,0x00000077e6400000) (1024K)]
  0x00000248964e7b10 JavaThread "Common-Cleaner"             daemon [_thread_blocked, id=1752, stack(0x00000077e6400000,0x00000077e6500000) (1024K)]
  0x00000248964e6760 JavaThread "Monitor Ctrl-Break"         daemon [_thread_in_native, id=16004, stack(0x00000077e6600000,0x00000077e6700000) (1024K)]
  0x00000248964e81a0 JavaThread "Notification Thread"        daemon [_thread_blocked, id=9988, stack(0x00000077e6700000,0x00000077e6800000) (1024K)]
  0x00000248964e9550 JavaThread "RMI TCP Accept-0"           daemon [_thread_in_native, id=1964, stack(0x00000077e6900000,0x00000077e6a00000) (1024K)]
  0x00000248dd2b0210 JavaThread "RMI Scheduler(0)"           daemon [_thread_blocked, id=5676, stack(0x00000077e7800000,0x00000077e7900000) (1024K)]
  0x00000248dd2b5760 JavaThread "mysql-cj-abandoned-connection-cleanup" daemon [_thread_blocked, id=6368, stack(0x00000077e7c00000,0x00000077e7d00000) (1024K)]
  0x00000248dd2b08a0 JavaThread "Live Reload Server"         daemon [_thread_in_native, id=1452, stack(0x00000077e8300000,0x00000077e8400000) (1024K)]
  0x00000248dec53c50 JavaThread "DestroyJavaVM"                     [_thread_blocked, id=17016, stack(0x00000077e5500000,0x00000077e5600000) (1024K)]
  0x00000248dd2b1c50 JavaThread "File Watcher"               daemon [_thread_blocked, id=6988, stack(0x00000077e5300000,0x00000077e5400000) (1024K)]
  0x00000248dd2aee60 JavaThread "File Watcher"               daemon [_thread_blocked, id=9852, stack(0x00000077e6500000,0x00000077e6600000) (1024K)]
  0x00000248dd2b3d20 JavaThread "Thread-53"                         [_thread_blocked, id=5312, stack(0x00000077e5200000,0x00000077e5300000) (1024K)]
Total: 18

Other Threads:
=>0x00000248964c16a0 VMThread "VM Thread"                           [id=13540, stack(0x00000077e5c00000,0x00000077e5d00000) (1024K)]
  0x00000248964b1900 WatcherThread "VM Periodic Task Thread"        [id=14812, stack(0x00000077e5b00000,0x00000077e5c00000) (1024K)]
  0x000002488578da80 WorkerThread "GC Thread#0"                     [id=16352, stack(0x00000077e5600000,0x00000077e5700000) (1024K)]
  0x00000248dc7cb330 WorkerThread "GC Thread#1"                     [id=2448, stack(0x00000077e6a00000,0x00000077e6b00000) (1024K)]
  0x00000248dc814ff0 WorkerThread "GC Thread#2"                     [id=4536, stack(0x00000077e6b00000,0x00000077e6c00000) (1024K)]
  0x00000248dc8153a0 WorkerThread "GC Thread#3"                     [id=2584, stack(0x00000077e6c00000,0x00000077e6d00000) (1024K)]
  0x00000248dc81d760 WorkerThread "GC Thread#4"                     [id=2576, stack(0x00000077e6d00000,0x00000077e6e00000) (1024K)]
  0x00000248dc81db10 WorkerThread "GC Thread#5"                     [id=2844, stack(0x00000077e6e00000,0x00000077e6f00000) (1024K)]
  0x00000248dc81dec0 WorkerThread "GC Thread#6"                     [id=2708, stack(0x00000077e6f00000,0x00000077e7000000) (1024K)]
  0x00000248dc81e270 WorkerThread "GC Thread#7"                     [id=2740, stack(0x00000077e7000000,0x00000077e7100000) (1024K)]
  0x00000248dca73010 WorkerThread "GC Thread#8"                     [id=3764, stack(0x00000077e7400000,0x00000077e7500000) (1024K)]
  0x00000248dca733c0 WorkerThread "GC Thread#9"                     [id=3352, stack(0x00000077e7500000,0x00000077e7600000) (1024K)]
  0x00000248857a1130 ConcurrentGCThread "G1 Main Marker"            [id=17072, stack(0x00000077e5700000,0x00000077e5800000) (1024K)]
  0x00000248857a1c40 WorkerThread "G1 Conc#0"                       [id=17080, stack(0x00000077e5800000,0x00000077e5900000) (1024K)]
  0x00000248dd01a950 WorkerThread "G1 Conc#1"                       [id=9128, stack(0x00000077e7600000,0x00000077e7700000) (1024K)]
  0x00000248dd01ad00 WorkerThread "G1 Conc#2"                       [id=5252, stack(0x00000077e7700000,0x00000077e7800000) (1024K)]
  0x00000248963855a0 ConcurrentGCThread "G1 Refine#0"               [id=17076, stack(0x00000077e5900000,0x00000077e5a00000) (1024K)]
  0x0000024896385dd0 ConcurrentGCThread "G1 Service"                [id=17220, stack(0x00000077e5a00000,0x00000077e5b00000) (1024K)]
Total: 18

Threads with active compile tasks:
C1 CompilerThread0  565158 12091       1       org.apache.catalina.util.LifecycleMBeanBase::destroyInternal (9 bytes)
Total: 1

VM state: at safepoint (normal execution)

VM Mutex/Monitor currently owned by a thread:  ([mutex/lock_event])
[0x00007ff997083910] Threads_lock - owner thread: 0x00000248964c16a0
[0x00007ff997083a10] Heap_lock - owner thread: 0x00000248dd2b3d20

Heap address: 0x000000008a400000, size: 1884 MB, Compressed Oops mode: 32-bit

CDS archive(s) mapped at: [0x0000024897000000-0x0000024897d70000-0x0000024897d70000), size 14090240, SharedBaseAddress: 0x0000024897000000, ArchiveRelocationMode: 1.
Compressed class space mapped at: 0x0000024898000000-0x00000248d8000000, reserved size: 1073741824
Narrow klass base: 0x0000024897000000, Narrow klass shift: 0, Narrow klass range: 0x41000000

GC Precious Log:
 CardTable entry size: 512
 Card Set container configuration: InlinePtr #cards 5 size 8 Array Of Cards #cards 10 size 36 Howl #buckets 4 coarsen threshold 1843 Howl Bitmap #cards 512 size 80 coarsen threshold 460 Card regions per heap region 1 cards per card region 2048
 CPUs: 12 total, 12 available
 Memory: 7528M
 Large Page Support: Disabled
 NUMA Support: Disabled
 Compressed Oops: Enabled (32-bit)
 Heap Region Size: 1M
 Heap Min Capacity: 8M
 Heap Initial Capacity: 118M
 Heap Max Capacity: 1884M
 Pre-touch: Disabled
 Parallel Workers: 10
 Concurrent Workers: 3
 Concurrent Refinement Workers: 10
 Periodic GC: Disabled

Heap:
 garbage-first heap   total reserved 1929216K, committed 72704K, used 38055K [0x000000008a400000, 0x0000000100000000)
  region size 1024K, 9 young (9216K), 3 survivors (3072K)
 Metaspace       used 76230K, committed 77120K, reserved 1179648K
  class space    used 10942K, committed 11328K, reserved 1048576K

Heap Regions: E=young(eden), S=young(survivor), O=old, HS=humongous(starts), HC=humongous(continues), CS=collection set, F=free, TAMS=top-at-mark-start, PB=parsable bottom
|   0|0x000000008a400000, 0x000000008a500000, 0x000000008a500000|100%|HS|  |TAMS 0x000000008a400000| PB 0x000000008a400000| Untracked |  0
|   1|0x000000008a500000, 0x000000008a5ffff8, 0x000000008a600000| 99%| O|  |TAMS 0x000000008a500000| PB 0x000000008a500000| Untracked |  0
|   2|0x000000008a600000, 0x000000008a6fffb8, 0x000000008a700000| 99%| O|  |TAMS 0x000000008a600000| PB 0x000000008a600000| Untracked |  0
|   3|0x000000008a700000, 0x000000008a7ffff8, 0x000000008a800000| 99%| O|  |TAMS 0x000000008a700000| PB 0x000000008a700000| Untracked |  0
|   4|0x000000008a800000, 0x000000008a8ffff8, 0x000000008a900000| 99%| O|  |TAMS 0x000000008a800000| PB 0x000000008a800000| Untracked |  0
|   5|0x000000008a900000, 0x000000008aa00000, 0x000000008aa00000|100%| O|  |TAMS 0x000000008a900000| PB 0x000000008a900000| Untracked |  0
|   6|0x000000008aa00000, 0x000000008ab00000, 0x000000008ab00000|100%| O|  |TAMS 0x000000008aa00000| PB 0x000000008aa00000| Untracked |  0
|   7|0x000000008ab00000, 0x000000008abfffb8, 0x000000008ac00000| 99%| O|  |TAMS 0x000000008ab00000| PB 0x000000008ab00000| Untracked |  0
|   8|0x000000008ac00000, 0x000000008acfc370, 0x000000008ad00000| 98%| O|  |TAMS 0x000000008ac00000| PB 0x000000008ac00000| Untracked |  0
|   9|0x000000008ad00000, 0x000000008adfffe8, 0x000000008ae00000| 99%| O|  |TAMS 0x000000008ad00000| PB 0x000000008ad00000| Untracked |  0
|  10|0x000000008ae00000, 0x000000008aeffff0, 0x000000008af00000| 99%| O|  |TAMS 0x000000008ae00000| PB 0x000000008ae00000| Untracked |  0
|  11|0x000000008af00000, 0x000000008b000000, 0x000000008b000000|100%| O|  |TAMS 0x000000008af00000| PB 0x000000008af00000| Untracked |  0
|  12|0x000000008b000000, 0x000000008b100000, 0x000000008b100000|100%| O|  |TAMS 0x000000008b000000| PB 0x000000008b000000| Untracked |  0
|  13|0x000000008b100000, 0x000000008b1ffff8, 0x000000008b200000| 99%| O|  |TAMS 0x000000008b100000| PB 0x000000008b100000| Untracked |  0
|  14|0x000000008b200000, 0x000000008b2fffd0, 0x000000008b300000| 99%| O|  |TAMS 0x000000008b200000| PB 0x000000008b200000| Untracked |  0
|  15|0x000000008b300000, 0x000000008b3ffff0, 0x000000008b400000| 99%| O|  |TAMS 0x000000008b300000| PB 0x000000008b300000| Untracked |  0
|  16|0x000000008b400000, 0x000000008b4ffff0, 0x000000008b500000| 99%| O|  |TAMS 0x000000008b400000| PB 0x000000008b400000| Untracked |  0
|  17|0x000000008b500000, 0x000000008b5ffff0, 0x000000008b600000| 99%| O|  |TAMS 0x000000008b500000| PB 0x000000008b500000| Untracked |  0
|  18|0x000000008b600000, 0x000000008b6e1a38, 0x000000008b700000| 88%| O|  |TAMS 0x000000008b600000| PB 0x000000008b600000| Untracked |  0
|  19|0x000000008b700000, 0x000000008b7ffe48, 0x000000008b800000| 99%| O|  |TAMS 0x000000008b700000| PB 0x000000008b700000| Untracked |  0
|  20|0x000000008b800000, 0x000000008b8fffd8, 0x000000008b900000| 99%| O|  |TAMS 0x000000008b800000| PB 0x000000008b800000| Untracked |  0
|  21|0x000000008b900000, 0x000000008b9fffd8, 0x000000008ba00000| 99%| O|  |TAMS 0x000000008b900000| PB 0x000000008b900000| Untracked |  0
|  22|0x000000008ba00000, 0x000000008bb00000, 0x000000008bb00000|100%| O|  |TAMS 0x000000008ba00000| PB 0x000000008ba00000| Untracked |  0
|  23|0x000000008bb00000, 0x000000008bbb6a98, 0x000000008bc00000| 71%| O|  |TAMS 0x000000008bb00000| PB 0x000000008bb00000| Untracked |  0
|  24|0x000000008bc00000, 0x000000008bc89fe0, 0x000000008bd00000| 53%| O|  |TAMS 0x000000008bc00000| PB 0x000000008bc00000| Untracked |  0
|  25|0x000000008bd00000, 0x000000008bdbcce8, 0x000000008be00000| 73%| O|  |TAMS 0x000000008bd00000| PB 0x000000008bd00000| Untracked |  0
|  26|0x000000008be00000, 0x000000008bf00000, 0x000000008bf00000|100%| O|  |TAMS 0x000000008be00000| PB 0x000000008be00000| Untracked |  0
|  27|0x000000008bf00000, 0x000000008bfb9138, 0x000000008c000000| 72%| O|  |TAMS 0x000000008bf00000| PB 0x000000008bf00000| Untracked |  0
|  28|0x000000008c000000, 0x000000008c0ffff8, 0x000000008c100000| 99%| O|  |TAMS 0x000000008c000000| PB 0x000000008c000000| Untracked |  0
|  29|0x000000008c100000, 0x000000008c200000, 0x000000008c200000|100%| O|  |TAMS 0x000000008c100000| PB 0x000000008c100000| Untracked |  0
|  30|0x000000008c200000, 0x000000008c2ac158, 0x000000008c300000| 67%| O|  |TAMS 0x000000008c200000| PB 0x000000008c200000| Untracked |  0
|  31|0x000000008c300000, 0x000000008c300000, 0x000000008c400000|  0%| F|  |TAMS 0x000000008c300000| PB 0x000000008c300000| Untracked |  0
|  32|0x000000008c400000, 0x000000008c400000, 0x000000008c500000|  0%| F|  |TAMS 0x000000008c400000| PB 0x000000008c400000| Untracked |  0
|  33|0x000000008c500000, 0x000000008c5dcc80, 0x000000008c600000| 86%| S|CS|TAMS 0x000000008c500000| PB 0x000000008c500000| Complete |  0
|  34|0x000000008c600000, 0x000000008c60cba8, 0x000000008c700000|  4%| O|  |TAMS 0x000000008c600000| PB 0x000000008c600000| Untracked |  0
|  35|0x000000008c700000, 0x000000008c700000, 0x000000008c800000|  0%| F|  |TAMS 0x000000008c700000| PB 0x000000008c700000| Untracked |  0
|  36|0x000000008c800000, 0x000000008c800000, 0x000000008c900000|  0%| F|  |TAMS 0x000000008c800000| PB 0x000000008c800000| Untracked |  0
|  37|0x000000008c900000, 0x000000008c900000, 0x000000008ca00000|  0%| F|  |TAMS 0x000000008c900000| PB 0x000000008c900000| Untracked |  0
|  38|0x000000008ca00000, 0x000000008cb00000, 0x000000008cb00000|100%| S|CS|TAMS 0x000000008ca00000| PB 0x000000008ca00000| Complete |  0
|  39|0x000000008cb00000, 0x000000008cc00000, 0x000000008cc00000|100%| S|CS|TAMS 0x000000008cb00000| PB 0x000000008cb00000| Complete |  0
|  40|0x000000008cc00000, 0x000000008cc00000, 0x000000008cd00000|  0%| F|  |TAMS 0x000000008cc00000| PB 0x000000008cc00000| Untracked |  0
|  41|0x000000008cd00000, 0x000000008cd00000, 0x000000008ce00000|  0%| F|  |TAMS 0x000000008cd00000| PB 0x000000008cd00000| Untracked |  0
|  42|0x000000008ce00000, 0x000000008ce00000, 0x000000008cf00000|  0%| F|  |TAMS 0x000000008ce00000| PB 0x000000008ce00000| Untracked |  0
|  43|0x000000008cf00000, 0x000000008cf00000, 0x000000008d000000|  0%| F|  |TAMS 0x000000008cf00000| PB 0x000000008cf00000| Untracked |  0
|  44|0x000000008d000000, 0x000000008d000000, 0x000000008d100000|  0%| F|  |TAMS 0x000000008d000000| PB 0x000000008d000000| Untracked |  0
|  45|0x000000008d100000, 0x000000008d100000, 0x000000008d200000|  0%| F|  |TAMS 0x000000008d100000| PB 0x000000008d100000| Untracked |  0
|  46|0x000000008d200000, 0x000000008d200000, 0x000000008d300000|  0%| F|  |TAMS 0x000000008d200000| PB 0x000000008d200000| Untracked |  0
|  47|0x000000008d300000, 0x000000008d300000, 0x000000008d400000|  0%| F|  |TAMS 0x000000008d300000| PB 0x000000008d300000| Untracked |  0
|  48|0x000000008d400000, 0x000000008d400000, 0x000000008d500000|  0%| F|  |TAMS 0x000000008d400000| PB 0x000000008d400000| Untracked |  0
|  49|0x000000008d500000, 0x000000008d500000, 0x000000008d600000|  0%| F|  |TAMS 0x000000008d500000| PB 0x000000008d500000| Untracked |  0
|  50|0x000000008d600000, 0x000000008d600000, 0x000000008d700000|  0%| F|  |TAMS 0x000000008d600000| PB 0x000000008d600000| Untracked |  0
|  51|0x000000008d700000, 0x000000008d700000, 0x000000008d800000|  0%| F|  |TAMS 0x000000008d700000| PB 0x000000008d700000| Untracked |  0
|  52|0x000000008d800000, 0x000000008d800000, 0x000000008d900000|  0%| F|  |TAMS 0x000000008d800000| PB 0x000000008d800000| Untracked |  0
|  53|0x000000008d900000, 0x000000008d900000, 0x000000008da00000|  0%| F|  |TAMS 0x000000008d900000| PB 0x000000008d900000| Untracked |  0
|  54|0x000000008da00000, 0x000000008da00000, 0x000000008db00000|  0%| F|  |TAMS 0x000000008da00000| PB 0x000000008da00000| Untracked |  0
|  55|0x000000008db00000, 0x000000008db00000, 0x000000008dc00000|  0%| F|  |TAMS 0x000000008db00000| PB 0x000000008db00000| Untracked |  0
|  56|0x000000008dc00000, 0x000000008dc00000, 0x000000008dd00000|  0%| F|  |TAMS 0x000000008dc00000| PB 0x000000008dc00000| Untracked |  0
|  57|0x000000008dd00000, 0x000000008dd00000, 0x000000008de00000|  0%| F|  |TAMS 0x000000008dd00000| PB 0x000000008dd00000| Untracked |  0
|  58|0x000000008de00000, 0x000000008de00000, 0x000000008df00000|  0%| F|  |TAMS 0x000000008de00000| PB 0x000000008de00000| Untracked |  0
|  59|0x000000008df00000, 0x000000008df00000, 0x000000008e000000|  0%| F|  |TAMS 0x000000008df00000| PB 0x000000008df00000| Untracked |  0
|  60|0x000000008e000000, 0x000000008e000000, 0x000000008e100000|  0%| F|  |TAMS 0x000000008e000000| PB 0x000000008e000000| Untracked |  0
|  61|0x000000008e100000, 0x000000008e100000, 0x000000008e200000|  0%| F|  |TAMS 0x000000008e100000| PB 0x000000008e100000| Untracked |  0
|  62|0x000000008e200000, 0x000000008e200000, 0x000000008e300000|  0%| F|  |TAMS 0x000000008e200000| PB 0x000000008e200000| Untracked |  0
|  63|0x000000008e300000, 0x000000008e300000, 0x000000008e400000|  0%| F|  |TAMS 0x000000008e300000| PB 0x000000008e300000| Untracked |  0
|  68|0x000000008e800000, 0x000000008e800000, 0x000000008e900000|  0%| F|  |TAMS 0x000000008e800000| PB 0x000000008e800000| Untracked |  0
|  69|0x000000008e900000, 0x000000008e94a428, 0x000000008ea00000| 29%| E|  |TAMS 0x000000008e900000| PB 0x000000008e900000| Complete |  0
|  70|0x000000008ea00000, 0x000000008eb00000, 0x000000008eb00000|100%| E|CS|TAMS 0x000000008ea00000| PB 0x000000008ea00000| Complete |  0
|  71|0x000000008eb00000, 0x000000008ec00000, 0x000000008ec00000|100%| E|CS|TAMS 0x000000008eb00000| PB 0x000000008eb00000| Complete |  0
|  72|0x000000008ec00000, 0x000000008ed00000, 0x000000008ed00000|100%| E|CS|TAMS 0x000000008ec00000| PB 0x000000008ec00000| Complete |  0
|  73|0x000000008ed00000, 0x000000008ee00000, 0x000000008ee00000|100%| E|CS|TAMS 0x000000008ed00000| PB 0x000000008ed00000| Complete |  0
| 117|0x0000000091900000, 0x0000000091a00000, 0x0000000091a00000|100%| E|CS|TAMS 0x0000000091900000| PB 0x0000000091900000| Complete |  0

Card table byte_map: [0x0000024891760000,0x0000024891b10000] _byte_map_base: 0x000002489130e000

Marking Bits: (CMBitMap*) 0x000002488578e190
 Bits: [0x0000024891b10000, 0x0000024893880000)

Polling page: 0x0000024883630000

Metaspace:

Usage:
  Non-class:     63.76 MB used.
      Class:     10.69 MB used.
       Both:     74.44 MB used.

Virtual space:
  Non-class space:      128.00 MB reserved,      64.25 MB ( 50%) committed,  2 nodes.
      Class space:        1.00 GB reserved,      11.06 MB (  1%) committed,  1 nodes.
             Both:        1.12 GB reserved,      75.31 MB (  7%) committed. 

Chunk freelists:
   Non-Class:  15.80 MB
       Class:  4.86 MB
        Both:  20.66 MB

MaxMetaspaceSize: unlimited
CompressedClassSpaceSize: 1.00 GB
Initial GC threshold: 21.00 MB
Current GC threshold: 125.44 MB
CDS: on
 - commit_granule_bytes: 65536.
 - commit_granule_words: 8192.
 - virtual_space_node_default_size: 8388608.
 - enlarge_chunks_in_place: 1.
 - use_allocation_guard: 0.


Internal statistics:

num_allocs_failed_limit: 9.
num_arena_births: 1520.
num_arena_deaths: 674.
num_vsnodes_births: 3.
num_vsnodes_deaths: 0.
num_space_committed: 1209.
num_space_uncommitted: 3.
num_chunks_returned_to_freelist: 854.
num_chunks_taken_from_freelist: 4494.
num_chunk_merges: 150.
num_chunk_splits: 2905.
num_chunks_enlarged: 2280.
num_inconsistent_stats: 0.

CodeCache: size=49152Kb used=12865Kb max_used=13832Kb free=36286Kb
 bounds [0x000002488de60000, 0x000002488ebf0000, 0x0000024890e60000]
 total_blobs=9175, nmethods=8406, adapters=693, full_count=0
Compilation: enabled, stopped_count=0, restarted_count=0

Compilation events (20 events):
Event: 563.946 Thread 0x00000248964ee010 nmethod 12081 0x000002488ebc1388 code [0x000002488ebc14a0, 0x000002488ebc1660]
Event: 563.946 Thread 0x00000248964ee010 12082       1       sun.security.util.BitArray::length (5 bytes)
Event: 563.946 Thread 0x00000248964ee010 nmethod 12082 0x000002488ebc1088 code [0x000002488ebc11a0, 0x000002488ebc1268]
Event: 563.954 Thread 0x00000248964ee010 12084       1       sun.security.util.ObjectIdentifier::toString (285 bytes)
Event: 563.955 Thread 0x00000248964ee010 nmethod 12084 0x000002488ebc0588 code [0x000002488ebc07c0, 0x000002488ebc0fc0]
Event: 563.955 Thread 0x00000248964ee010 12083   !   1       sun.security.x509.AlgorithmId::getName (140 bytes)
Event: 563.955 Thread 0x00000248964ee010 nmethod 12083 0x000002488ebbfb88 code [0x000002488ebbfda0, 0x000002488ebc04c8]
Event: 563.993 Thread 0x00000248964ee010 12085       1       java.net.Socket::<init> (23 bytes)
Event: 563.994 Thread 0x00000248964ee010 nmethod 12085 0x000002488ebbf688 code [0x000002488ebbf7e0, 0x000002488ebbfb48]
Event: 563.998 Thread 0x00000248964ee010 12086       1       sun.security.ssl.SignatureScheme::getSupportedAlgorithms (304 bytes)
Event: 563.998 Thread 0x00000248964ee010 nmethod 12086 0x000002488ebbee08 code [0x000002488ebbf000, 0x000002488ebbf618]
Event: 564.001 Thread 0x00000248964ee010 12087       1       sun.security.ssl.NamedGroup::values (10 bytes)
Event: 564.001 Thread 0x00000248964ee010 nmethod 12087 0x000002488ebbeb08 code [0x000002488ebbec20, 0x000002488ebbed28]
Event: 564.064 Thread 0x00000248964ee010 12088       1       org.springframework.boot.devtools.filewatch.DirectorySnapshot::acceptChangedFile (23 bytes)
Event: 564.064 Thread 0x00000248964ee010 nmethod 12088 0x000002488ebbe808 code [0x000002488ebbe920, 0x000002488ebbea40]
Event: 565.089 Thread 0x00000248964ee010 12089       1       sun.nio.ch.Net::getSocketOption (143 bytes)
Event: 565.090 Thread 0x00000248964ee010 nmethod 12089 0x000002488ebbdf08 code [0x000002488ebbe0e0, 0x000002488ebbe778]
Event: 565.092 Thread 0x00000248964ee010 12090       1       sun.security.ssl.BaseSSLSocketImpl::getSoTimeout (21 bytes)
Event: 565.092 Thread 0x00000248964ee010 nmethod 12090 0x000002488ebbdc08 code [0x000002488ebbdd40, 0x000002488ebbde88]
Event: 565.098 Thread 0x00000248964ee010 12091       1       org.apache.catalina.util.LifecycleMBeanBase::destroyInternal (9 bytes)

GC Heap History (20 events):
Event: 509.715 GC heap after
{Heap after GC invocations=59 (full 10):
 garbage-first heap   total reserved 1929216K, committed 72704K, used 26805K [0x000000008a400000, 0x0000000100000000)
  region size 1024K, 0 young (0K), 0 survivors (0K)
 Metaspace       used 75595K, committed 76416K, reserved 1114112K
  class space    used 10851K, committed 11200K, reserved 1048576K
}
Event: 509.976 GC heap before
{Heap before GC invocations=59 (full 10):
 garbage-first heap   total reserved 1929216K, committed 72704K, used 60597K [0x000000008a400000, 0x0000000100000000)
  region size 1024K, 33 young (33792K), 0 survivors (0K)
 Metaspace       used 75632K, committed 76416K, reserved 1114112K
  class space    used 10857K, committed 11200K, reserved 1048576K
}
Event: 509.979 GC heap after
{Heap after GC invocations=60 (full 10):
 garbage-first heap   total reserved 1929216K, committed 72704K, used 29939K [0x000000008a400000, 0x0000000100000000)
  region size 1024K, 4 young (4096K), 4 survivors (4096K)
 Metaspace       used 75632K, committed 76416K, reserved 1114112K
  class space    used 10857K, committed 11200K, reserved 1048576K
}
Event: 511.702 GC heap before
{Heap before GC invocations=61 (full 10):
 garbage-first heap   total reserved 1929216K, committed 72704K, used 58580K [0x000000008a400000, 0x0000000100000000)
  region size 1024K, 32 young (32768K), 4 survivors (4096K)
 Metaspace       used 76025K, committed 76800K, reserved 1179648K
  class space    used 10926K, committed 11264K, reserved 1048576K
}
Event: 511.704 GC heap after
{Heap after GC invocations=62 (full 10):
 garbage-first heap   total reserved 1929216K, committed 72704K, used 31802K [0x000000008a400000, 0x0000000100000000)
  region size 1024K, 3 young (3072K), 3 survivors (3072K)
 Metaspace       used 76025K, committed 76800K, reserved 1179648K
  class space    used 10926K, committed 11264K, reserved 1048576K
}
Event: 511.865 GC heap before
{Heap before GC invocations=62 (full 10):
 garbage-first heap   total reserved 1929216K, committed 72704K, used 59450K [0x000000008a400000, 0x0000000100000000)
  region size 1024K, 31 young (31744K), 3 survivors (3072K)
 Metaspace       used 76065K, committed 76800K, reserved 1179648K
  class space    used 10932K, committed 11264K, reserved 1048576K
}
Event: 511.868 GC heap after
{Heap after GC invocations=63 (full 10):
 garbage-first heap   total reserved 1929216K, committed 72704K, used 33342K [0x000000008a400000, 0x0000000100000000)
  region size 1024K, 3 young (3072K), 3 survivors (3072K)
 Metaspace       used 76065K, committed 76800K, reserved 1179648K
  class space    used 10932K, committed 11264K, reserved 1048576K
}
Event: 538.186 GC heap before
{Heap before GC invocations=63 (full 10):
 garbage-first heap   total reserved 1929216K, committed 72704K, used 59966K [0x000000008a400000, 0x0000000100000000)
  region size 1024K, 30 young (30720K), 3 survivors (3072K)
 Metaspace       used 76235K, committed 77056K, reserved 1179648K
  class space    used 10945K, committed 11328K, reserved 1048576K
}
Event: 538.190 GC heap after
{Heap after GC invocations=64 (full 10):
 garbage-first heap   total reserved 1929216K, committed 72704K, used 35495K [0x000000008a400000, 0x0000000100000000)
  region size 1024K, 3 young (3072K), 3 survivors (3072K)
 Metaspace       used 76235K, committed 77056K, reserved 1179648K
  class space    used 10945K, committed 11328K, reserved 1048576K
}
Event: 538.527 GC heap before
{Heap before GC invocations=65 (full 10):
 garbage-first heap   total reserved 1929216K, committed 72704K, used 62119K [0x000000008a400000, 0x0000000100000000)
  region size 1024K, 29 young (29696K), 3 survivors (3072K)
 Metaspace       used 76262K, committed 77056K, reserved 1179648K
  class space    used 10948K, committed 11328K, reserved 1048576K
}
Event: 538.531 GC heap after
{Heap after GC invocations=66 (full 10):
 garbage-first heap   total reserved 1929216K, committed 72704K, used 37011K [0x000000008a400000, 0x0000000100000000)
  region size 1024K, 3 young (3072K), 3 survivors (3072K)
 Metaspace       used 76262K, committed 77056K, reserved 1179648K
  class space    used 10948K, committed 11328K, reserved 1048576K
}
Event: 539.267 GC heap before
{Heap before GC invocations=66 (full 10):
 garbage-first heap   total reserved 1929216K, committed 72704K, used 61587K [0x000000008a400000, 0x0000000100000000)
  region size 1024K, 27 young (27648K), 3 survivors (3072K)
 Metaspace       used 76453K, committed 77248K, reserved 1179648K
  class space    used 10962K, committed 11328K, reserved 1048576K
}
Event: 539.270 GC heap after
{Heap after GC invocations=67 (full 10):
 garbage-first heap   total reserved 1929216K, committed 72704K, used 39125K [0x000000008a400000, 0x0000000100000000)
  region size 1024K, 4 young (4096K), 4 survivors (4096K)
 Metaspace       used 76453K, committed 77248K, reserved 1179648K
  class space    used 10962K, committed 11328K, reserved 1048576K
}
Event: 563.079 GC heap before
{Heap before GC invocations=67 (full 10):
 garbage-first heap   total reserved 1929216K, committed 72704K, used 44245K [0x000000008a400000, 0x0000000100000000)
  region size 1024K, 10 young (10240K), 4 survivors (4096K)
 Metaspace       used 76456K, committed 77248K, reserved 1179648K
  class space    used 10962K, committed 11328K, reserved 1048576K
}
Event: 563.130 GC heap after
{Heap after GC invocations=68 (full 11):
 garbage-first heap   total reserved 1929216K, committed 72704K, used 27267K [0x000000008a400000, 0x0000000100000000)
  region size 1024K, 0 young (0K), 0 survivors (0K)
 Metaspace       used 76003K, committed 77120K, reserved 1179648K
  class space    used 10922K, committed 11328K, reserved 1048576K
}
Event: 563.384 GC heap before
{Heap before GC invocations=68 (full 11):
 garbage-first heap   total reserved 1929216K, committed 72704K, used 61059K [0x000000008a400000, 0x0000000100000000)
  region size 1024K, 33 young (33792K), 0 survivors (0K)
 Metaspace       used 76041K, committed 77120K, reserved 1179648K
  class space    used 10929K, committed 11328K, reserved 1048576K
}
Event: 563.386 GC heap after
{Heap after GC invocations=69 (full 11):
 garbage-first heap   total reserved 1929216K, committed 72704K, used 30339K [0x000000008a400000, 0x0000000100000000)
  region size 1024K, 3 young (3072K), 3 survivors (3072K)
 Metaspace       used 76041K, committed 77120K, reserved 1179648K
  class space    used 10929K, committed 11328K, reserved 1048576K
}
Event: 563.658 GC heap before
{Heap before GC invocations=69 (full 11):
 garbage-first heap   total reserved 1929216K, committed 72704K, used 62083K [0x000000008a400000, 0x0000000100000000)
  region size 1024K, 34 young (34816K), 3 survivors (3072K)
 Metaspace       used 76228K, committed 77120K, reserved 1179648K
  class space    used 10941K, committed 11328K, reserved 1048576K
}
Event: 563.662 GC heap after
{Heap after GC invocations=70 (full 11):
 garbage-first heap   total reserved 1929216K, committed 72704K, used 32935K [0x000000008a400000, 0x0000000100000000)
  region size 1024K, 3 young (3072K), 3 survivors (3072K)
 Metaspace       used 76228K, committed 77120K, reserved 1179648K
  class space    used 10941K, committed 11328K, reserved 1048576K
}
Event: 565.098 GC heap before
{Heap before GC invocations=70 (full 11):
 garbage-first heap   total reserved 1929216K, committed 72704K, used 38055K [0x000000008a400000, 0x0000000100000000)
  region size 1024K, 9 young (9216K), 3 survivors (3072K)
 Metaspace       used 76230K, committed 77120K, reserved 1179648K
  class space    used 10942K, committed 11328K, reserved 1048576K
}

Dll operation events (13 events):
Event: 0.036 Loaded shared library C:\Users\Admin\.jdks\openjdk-23\bin\java.dll
Event: 0.175 Loaded shared library C:\Users\Admin\.jdks\openjdk-23\bin\zip.dll
Event: 0.180 Loaded shared library C:\Users\Admin\.jdks\openjdk-23\bin\instrument.dll
Event: 0.187 Loaded shared library C:\Users\Admin\.jdks\openjdk-23\bin\net.dll
Event: 0.189 Loaded shared library C:\Users\Admin\.jdks\openjdk-23\bin\nio.dll
Event: 0.199 Loaded shared library C:\Users\Admin\.jdks\openjdk-23\bin\zip.dll
Event: 0.490 Loaded shared library C:\Users\Admin\AppData\Local\Programs\IntelliJ IDEA Ultimate 2024.1.2\bin\breakgen64.dll
Event: 0.517 Loaded shared library C:\Users\Admin\.jdks\openjdk-23\bin\extnet.dll
Event: 0.521 Loaded shared library C:\Users\Admin\.jdks\openjdk-23\bin\jimage.dll
Event: 0.559 Loaded shared library C:\Users\Admin\.jdks\openjdk-23\bin\management.dll
Event: 0.593 Loaded shared library C:\Users\Admin\.jdks\openjdk-23\bin\management_ext.dll
Event: 2.794 Loaded shared library C:\Users\Admin\.jdks\openjdk-23\bin\sunmscapi.dll
Event: 4.481 Loaded shared library C:\Users\Admin\.jdks\openjdk-23\bin\verify.dll

Deoptimization events (4 events):
Event: 7.222 Thread 0x00000248964e8830 DEOPT PACKING pc=0x000002488e394d94 sp=0x00000077e72fc1d0
Event: 7.222 Thread 0x00000248964e8830 DEOPT UNPACKING pc=0x000002488deb4b22 sp=0x00000077e72fb728 mode 0
Event: 7.320 Thread 0x00000248964e8830 DEOPT PACKING pc=0x000002488e3c54d1 sp=0x00000077e72fcff0
Event: 7.320 Thread 0x00000248964e8830 DEOPT UNPACKING pc=0x000002488deb4b22 sp=0x00000077e72fc4f8 mode 3

Classes loaded (20 events):
Event: 308.472 Loading class java/util/WeakHashMap$KeyIterator
Event: 308.473 Loading class java/util/WeakHashMap$HashIterator
Event: 308.474 Loading class java/util/WeakHashMap$HashIterator done
Event: 308.474 Loading class java/util/WeakHashMap$KeyIterator done
Event: 308.753 Loading class java/lang/ref/Finalizer$2
Event: 308.753 Loading class java/lang/ref/Finalizer$2 done
Event: 308.753 Loading class java/lang/ref/Finalizer$1
Event: 308.754 Loading class java/lang/ref/Finalizer$1 done
Event: 309.176 Loading class java/util/WeakHashMap$EntrySet
Event: 309.177 Loading class java/util/WeakHashMap$EntrySet done
Event: 309.177 Loading class java/util/WeakHashMap$EntryIterator
Event: 309.177 Loading class java/util/WeakHashMap$EntryIterator done
Event: 309.869 Loading class java/time/DurationEditor
Event: 309.869 Loading class java/time/DurationEditor done
Event: 368.094 Loading class java/time/DurationEditor
Event: 368.094 Loading class java/time/DurationEditor done
Event: 497.923 Loading class java/time/DurationEditor
Event: 497.923 Loading class java/time/DurationEditor done
Event: 539.201 Loading class java/time/DurationEditor
Event: 539.201 Loading class java/time/DurationEditor done

Classes unloaded (20 events):
Event: 563.096 Thread 0x00000248964c16a0 Unloading class 0x0000024898ac5000 'com/example/testc/TestCApplication'
Event: 563.096 Thread 0x00000248964c16a0 Unloading class 0x0000024898ae5328 'jdk/proxy6/$Proxy132'
Event: 563.096 Thread 0x00000248964c16a0 Unloading class 0x0000024898ae4c68 'jdk/proxy6/$Proxy131'
Event: 563.096 Thread 0x00000248964c16a0 Unloading class 0x00000248984cd488 'jdk/proxy6/$Proxy130'
Event: 563.096 Thread 0x00000248964c16a0 Unloading class 0x0000024898ae4000 'jdk/proxy6/$Proxy129'
Event: 563.096 Thread 0x00000248964c16a0 Unloading class 0x00000248984cd000 'jdk/proxy6/$Proxy128'
Event: 563.096 Thread 0x00000248964c16a0 Unloading class 0x000002489894c380 'com/example/testc/entity/Applicant$HibernateInstantiator$r3gX2ZyX'
Event: 563.096 Thread 0x00000248964c16a0 Unloading class 0x000002489894c000 'com/example/testc/entity/Applicant$HibernateProxy$RgAgomGY'
Event: 563.096 Thread 0x00000248964c16a0 Unloading class 0x0000024898ac8c98 'com/example/testc/entity/JobPost$HibernateInstantiator$iTtTiivW'
Event: 563.096 Thread 0x00000248964c16a0 Unloading class 0x0000024898ac8918 'com/example/testc/entity/JobPost$HibernateProxy$46aSfve4'
Event: 563.096 Thread 0x00000248964c16a0 Unloading class 0x0000024898ac86e0 'com/example/testc/TestCApplication$$SpringCGLIB$$0'
Event: 563.096 Thread 0x00000248964c16a0 Unloading class 0x0000024898ac8470 'com/example/testc/entity/JobPost'
Event: 563.096 Thread 0x00000248964c16a0 Unloading class 0x0000024898ac8270 'com/example/testc/repository/JobPostRepository'
Event: 563.096 Thread 0x00000248964c16a0 Unloading class 0x0000024898ac8000 'com/example/testc/entity/Applicant'
Event: 563.096 Thread 0x00000248964c16a0 Unloading class 0x0000024898956448 'com/example/testc/repository/ApplicantRepository'
Event: 563.096 Thread 0x00000248964c16a0 Unloading class 0x0000024898956220 'com/example/testc/service/JobPostService'
Event: 563.096 Thread 0x00000248964c16a0 Unloading class 0x0000024898956000 'com/example/testc/service/ApplicantService'
Event: 563.096 Thread 0x00000248964c16a0 Unloading class 0x000002489895cc30 'com/example/testc/controller/JobPostController'
Event: 563.096 Thread 0x00000248964c16a0 Unloading class 0x000002489895ca08 'com/example/testc/controller/ApplicantController'
Event: 563.096 Thread 0x00000248964c16a0 Unloading class 0x000002489895c800 'com/example/testc/TestCApplication'

Classes redefined (0 events):
No events

Internal exceptions (20 events):
Event: 538.290 Thread 0x00000248dd2b22e0 Exception <a 'java/lang/NoClassDefFoundError'{0x000000008e2f4a00}: org/flywaydb/core/Flyway> (0x000000008e2f4a00) 
thrown [s\open\src\hotspot\share\oops\constantPool.cpp, line 867]
Event: 538.290 Thread 0x00000248dd2b22e0 Exception <a 'java/lang/NoClassDefFoundError'{0x000000008e2f5060}: liquibase/integration/spring/SpringLiquibase> (0x000000008e2f5060) 
thrown [s\open\src\hotspot\share\oops\constantPool.cpp, line 867]
Event: 538.293 Thread 0x00000248dd2b22e0 Exception <a 'java/lang/NoClassDefFoundError'{0x000000008e158158}: org/jooq/DSLContext> (0x000000008e158158) 
thrown [s\open\src\hotspot\share\oops\constantPool.cpp, line 867]
Event: 538.293 Thread 0x00000248dd2b22e0 Exception <a 'java/lang/NoClassDefFoundError'{0x000000008e164378}: org/springframework/batch/core/repository/JobRepository> (0x000000008e164378) 
thrown [s\open\src\hotspot\share\oops\constantPool.cpp, line 867]
Event: 538.293 Thread 0x00000248dd2b22e0 Exception <a 'java/lang/NoClassDefFoundError'{0x000000008e1649d0}: org/quartz/Scheduler> (0x000000008e1649d0) 
thrown [s\open\src\hotspot\share\oops\constantPool.cpp, line 867]
Event: 538.293 Thread 0x00000248dd2b22e0 Exception <a 'java/lang/NoClassDefFoundError'{0x000000008e165050}: org/springframework/session/jdbc/JdbcIndexedSessionRepository> (0x000000008e165050) 
thrown [s\open\src\hotspot\share\oops\constantPool.cpp, line 867]
Event: 538.420 Thread 0x00000248dd2b22e0 Exception <a 'java/io/FileNotFoundException'{0x000000008da06df8}> (0x000000008da06df8) 
thrown [s\open\src\hotspot\share\prims\jni.cpp, line 520]
Event: 538.431 Thread 0x00000248dd2b22e0 Exception <a 'java/io/FileNotFoundException'{0x000000008d9c09e0}> (0x000000008d9c09e0) 
thrown [s\open\src\hotspot\share\prims\jni.cpp, line 520]
Event: 539.202 Thread 0x00000248dd2b22e0 Exception <a 'java/lang/NoSuchMethodError'{0x000000008dc14460}: 'void java.lang.invoke.DelegatingMethodHandle$Holder.reinvoke_L(java.lang.Object, java.lang.Object, int)'> (0x000000008dc14460) 
thrown [s\open\src\hotspot\share\interpreter\linkResolver.cpp, line 796]
Event: 563.078 Thread 0x00000248dd2b50d0 Exception <a 'java/lang/InterruptedException'{0x000000008e9f2dc0}: sleep interrupted> (0x000000008e9f2dc0) 
thrown [s\open\src\hotspot\share\prims\jvm.cpp, line 3093]
Event: 563.138 Thread 0x00000248dec563b0 Exception <a 'sun/nio/fs/WindowsException'{0x000000009197ac00}> (0x000000009197ac00) 
thrown [s\open\src\hotspot\share\prims\jni.cpp, line 520]
Event: 563.314 Thread 0x00000248dec563b0 Exception <a 'java/lang/NoClassDefFoundError'{0x000000008d324b58}: org/flywaydb/core/Flyway> (0x000000008d324b58) 
thrown [s\open\src\hotspot\share\oops\constantPool.cpp, line 867]
Event: 563.314 Thread 0x00000248dec563b0 Exception <a 'java/lang/NoClassDefFoundError'{0x000000008d3251b8}: liquibase/integration/spring/SpringLiquibase> (0x000000008d3251b8) 
thrown [s\open\src\hotspot\share\oops\constantPool.cpp, line 867]
Event: 563.317 Thread 0x00000248dec563b0 Exception <a 'java/lang/NoClassDefFoundError'{0x000000008d388a90}: org/jooq/DSLContext> (0x000000008d388a90) 
thrown [s\open\src\hotspot\share\oops\constantPool.cpp, line 867]
Event: 563.317 Thread 0x00000248dec563b0 Exception <a 'java/lang/NoClassDefFoundError'{0x000000008d394cc0}: org/springframework/batch/core/repository/JobRepository> (0x000000008d394cc0) 
thrown [s\open\src\hotspot\share\oops\constantPool.cpp, line 867]
Event: 563.317 Thread 0x00000248dec563b0 Exception <a 'java/lang/NoClassDefFoundError'{0x000000008d395318}: org/quartz/Scheduler> (0x000000008d395318) 
thrown [s\open\src\hotspot\share\oops\constantPool.cpp, line 867]
Event: 563.317 Thread 0x00000248dec563b0 Exception <a 'java/lang/NoClassDefFoundError'{0x000000008d395998}: org/springframework/session/jdbc/JdbcIndexedSessionRepository> (0x000000008d395998) 
thrown [s\open\src\hotspot\share\oops\constantPool.cpp, line 867]
Event: 563.368 Thread 0x00000248dec563b0 Exception <a 'java/io/FileNotFoundException'{0x000000008cc36750}> (0x000000008cc36750) 
thrown [s\open\src\hotspot\share\prims\jni.cpp, line 520]
Event: 563.380 Thread 0x00000248dec563b0 Exception <a 'java/io/FileNotFoundException'{0x000000008cbf09f0}> (0x000000008cbf09f0) 
thrown [s\open\src\hotspot\share\prims\jni.cpp, line 520]
Event: 565.098 Thread 0x00000248dec57760 Exception <a 'java/lang/InterruptedException'{0x000000008e92fd18}: sleep interrupted> (0x000000008e92fd18) 
thrown [s\open\src\hotspot\share\prims\jvm.cpp, line 3093]

VM Operations (20 events):
Event: 538.190 Executing VM operation: G1CollectForAllocation (G1 Evacuation Pause) done
Event: 538.214 Executing VM operation: G1PauseRemark
Event: 538.222 Executing VM operation: G1PauseRemark done
Event: 538.231 Executing VM operation: G1PauseCleanup
Event: 538.231 Executing VM operation: G1PauseCleanup done
Event: 538.527 Executing VM operation: G1CollectForAllocation (G1 Evacuation Pause)
Event: 538.531 Executing VM operation: G1CollectForAllocation (G1 Evacuation Pause) done
Event: 539.267 Executing VM operation: G1CollectForAllocation (G1 Evacuation Pause)
Event: 539.270 Executing VM operation: G1CollectForAllocation (G1 Evacuation Pause) done
Event: 541.036 Executing VM operation: HandshakeAllThreads (HandshakeForDeflation)
Event: 541.036 Executing VM operation: HandshakeAllThreads (HandshakeForDeflation) done
Event: 541.036 Executing VM operation: RendezvousGCThreads
Event: 541.036 Executing VM operation: RendezvousGCThreads done
Event: 563.079 Executing VM operation: G1CollectFull (System.gc())
Event: 563.130 Executing VM operation: G1CollectFull (System.gc()) done
Event: 563.384 Executing VM operation: G1CollectForAllocation (G1 Evacuation Pause)
Event: 563.386 Executing VM operation: G1CollectForAllocation (G1 Evacuation Pause) done
Event: 563.658 Executing VM operation: G1CollectForAllocation (G1 Evacuation Pause)
Event: 563.662 Executing VM operation: G1CollectForAllocation (G1 Evacuation Pause) done
Event: 565.098 Executing VM operation: G1CollectFull (System.gc())

Memory protections (0 events):
No events

Nmethod flushes (20 events):
Event: 563.105 Thread 0x00000248964c16a0 flushing  nmethod 0x000002488eaad688
Event: 563.105 Thread 0x00000248964c16a0 flushing  nmethod 0x000002488e0a1888
Event: 563.105 Thread 0x00000248964c16a0 flushing  nmethod 0x000002488e0b7688
Event: 563.105 Thread 0x00000248964c16a0 flushing  nmethod 0x000002488e0d9188
Event: 563.105 Thread 0x00000248964c16a0 flushing  nmethod 0x000002488e0db308
Event: 563.105 Thread 0x00000248964c16a0 flushing  nmethod 0x000002488e0dd288
Event: 563.105 Thread 0x00000248964c16a0 flushing  nmethod 0x000002488e216108
Event: 563.105 Thread 0x00000248964c16a0 flushing  nmethod 0x000002488e2bad08
Event: 563.105 Thread 0x00000248964c16a0 flushing  nmethod 0x000002488e4ecf88
Event: 563.105 Thread 0x00000248964c16a0 flushing  nmethod 0x000002488e51ca88
Event: 563.105 Thread 0x00000248964c16a0 flushing  nmethod 0x000002488e698188
Event: 563.105 Thread 0x00000248964c16a0 flushing  nmethod 0x000002488e74f388
Event: 563.105 Thread 0x00000248964c16a0 flushing  nmethod 0x000002488e770b08
Event: 563.105 Thread 0x00000248964c16a0 flushing  nmethod 0x000002488e8de688
Event: 563.105 Thread 0x00000248964c16a0 flushing  nmethod 0x000002488e8e1688
Event: 563.105 Thread 0x00000248964c16a0 flushing  nmethod 0x000002488e8eea08
Event: 563.105 Thread 0x00000248964c16a0 flushing  nmethod 0x000002488e914e88
Event: 563.105 Thread 0x00000248964c16a0 flushing  nmethod 0x000002488e928588
Event: 563.105 Thread 0x00000248964c16a0 flushing  nmethod 0x000002488e92b808
Event: 563.105 Thread 0x00000248964c16a0 flushing  nmethod 0x000002488ea09008

Events (20 events):
Event: 565.078 Thread 0x00000248dec528a0 Thread exited: 0x00000248dec528a0
Event: 565.083 Thread 0x00000248dd2b6480 Thread exited: 0x00000248dd2b6480
Event: 565.083 Thread 0x00000248dd2b3000 Thread exited: 0x00000248dd2b3000
Event: 565.083 Thread 0x00000248dec59ec0 Thread exited: 0x00000248dec59ec0
Event: 565.083 Thread 0x00000248dec55000 Thread exited: 0x00000248dec55000
Event: 565.083 Thread 0x00000248dd2af4f0 Thread exited: 0x00000248dd2af4f0
Event: 565.083 Thread 0x00000248dec570d0 Thread exited: 0x00000248dec570d0
Event: 565.083 Thread 0x00000248dd2b4a40 Thread exited: 0x00000248dd2b4a40
Event: 565.083 Thread 0x00000248dd2b15c0 Thread exited: 0x00000248dd2b15c0
Event: 565.083 Thread 0x00000248dec55690 Thread exited: 0x00000248dec55690
Event: 565.083 Thread 0x00000248dec58b10 Thread exited: 0x00000248dec58b10
Event: 565.083 Thread 0x00000248dec52f30 Thread exited: 0x00000248dec52f30
Event: 565.083 Thread 0x00000248dd2b22e0 Thread exited: 0x00000248dd2b22e0
Event: 565.085 Thread 0x00000248dd2b3d20 Thread added: 0x00000248dd2afb80
Event: 565.085 Thread 0x00000248dec542e0 Thread exited: 0x00000248dec542e0
Event: 565.085 Thread 0x00000248dec59830 Thread exited: 0x00000248dec59830
Event: 565.096 Thread 0x00000248dd2afb80 Thread exited: 0x00000248dd2afb80
Event: 565.098 Thread 0x00000248dec55d20 Thread exited: 0x00000248dec55d20
Event: 565.098 Thread 0x00000248dec535c0 Thread exited: 0x00000248dec535c0
Event: 565.098 Thread 0x00000248dec57760 Thread exited: 0x00000248dec57760


Dynamic libraries:
0x00007ff6b8b60000 - 0x00007ff6b8b6e000 	C:\Users\Admin\.jdks\openjdk-23\bin\java.exe
0x00007ff9ffbf0000 - 0x00007ff9ffe07000 	C:\Windows\SYSTEM32\ntdll.dll
0x00007ff9ff5f0000 - 0x00007ff9ff6b4000 	C:\Windows\System32\KERNEL32.DLL
0x00007ff9fd0b0000 - 0x00007ff9fd469000 	C:\Windows\System32\KERNELBASE.dll
0x00007ff9fcf90000 - 0x00007ff9fd0a1000 	C:\Windows\System32\ucrtbase.dll
0x00007ff9a1f60000 - 0x00007ff9a1f77000 	C:\Users\Admin\.jdks\openjdk-23\bin\jli.dll
0x00007ff9feef0000 - 0x00007ff9ff09e000 	C:\Windows\System32\USER32.dll
0x00007ff9f7380000 - 0x00007ff9f739b000 	C:\Users\Admin\.jdks\openjdk-23\bin\VCRUNTIME140.dll
0x00007ff9fd510000 - 0x00007ff9fd536000 	C:\Windows\System32\win32u.dll
0x00007ff9ff870000 - 0x00007ff9ff899000 	C:\Windows\System32\GDI32.dll
0x00007ff9ead80000 - 0x00007ff9eb012000 	C:\Windows\WinSxS\amd64_microsoft.windows.common-controls_6595b64144ccf1df_6.0.22621.4391_none_2715d37f73803e96\COMCTL32.dll
0x00007ff9fd7f0000 - 0x00007ff9fd90b000 	C:\Windows\System32\gdi32full.dll
0x00007ff9fe840000 - 0x00007ff9fe8e7000 	C:\Windows\System32\msvcrt.dll
0x00007ff9fcef0000 - 0x00007ff9fcf8a000 	C:\Windows\System32\msvcp_win.dll
0x00007ff9fe200000 - 0x00007ff9fe231000 	C:\Windows\System32\IMM32.DLL
0x00007ff9a1e80000 - 0x00007ff9a1e8c000 	C:\Users\Admin\.jdks\openjdk-23\bin\vcruntime140_1.dll
0x00007ff997f50000 - 0x00007ff997fde000 	C:\Users\Admin\.jdks\openjdk-23\bin\msvcp140.dll
0x00007ff996410000 - 0x00007ff99715f000 	C:\Users\Admin\.jdks\openjdk-23\bin\server\jvm.dll
0x00007ff9fe770000 - 0x00007ff9fe822000 	C:\Windows\System32\ADVAPI32.dll
0x00007ff9ff930000 - 0x00007ff9ff9d7000 	C:\Windows\System32\sechost.dll
0x00007ff9fd470000 - 0x00007ff9fd498000 	C:\Windows\System32\bcrypt.dll
0x00007ff9fe650000 - 0x00007ff9fe764000 	C:\Windows\System32\RPCRT4.dll
0x00007ff9ff510000 - 0x00007ff9ff581000 	C:\Windows\System32\WS2_32.dll
0x00007ff9fcdc0000 - 0x00007ff9fce0d000 	C:\Windows\SYSTEM32\POWRPROF.dll
0x00007ff9f72d0000 - 0x00007ff9f7304000 	C:\Windows\SYSTEM32\WINMM.dll
0x00007ff9f4d40000 - 0x00007ff9f4d4a000 	C:\Windows\SYSTEM32\VERSION.dll
0x00007ff9fcda0000 - 0x00007ff9fcdb3000 	C:\Windows\SYSTEM32\UMPDC.dll
0x00007ff9fbf00000 - 0x00007ff9fbf18000 	C:\Windows\SYSTEM32\kernel.appcore.dll
0x00007ff99e440000 - 0x00007ff99e44a000 	C:\Users\Admin\.jdks\openjdk-23\bin\jimage.dll
0x00007ff9f3f30000 - 0x00007ff9f4162000 	C:\Windows\SYSTEM32\DBGHELP.DLL
0x00007ff9ff0a0000 - 0x00007ff9ff42f000 	C:\Windows\System32\combase.dll
0x00007ff9ff430000 - 0x00007ff9ff507000 	C:\Windows\System32\OLEAUT32.dll
0x00007ff9efb20000 - 0x00007ff9efb52000 	C:\Windows\SYSTEM32\dbgcore.DLL
0x00007ff9fd770000 - 0x00007ff9fd7eb000 	C:\Windows\System32\bcryptPrimitives.dll
0x00007ff99a870000 - 0x00007ff99a87f000 	C:\Users\Admin\.jdks\openjdk-23\bin\instrument.dll
0x00007ff99e410000 - 0x00007ff99e42e000 	C:\Users\Admin\.jdks\openjdk-23\bin\java.dll
0x00007ff9ff6c0000 - 0x00007ff9ff865000 	C:\Windows\System32\ole32.dll
0x00007ff9fd980000 - 0x00007ff9fe1f6000 	C:\Windows\System32\SHELL32.dll
0x00007ff9fade0000 - 0x00007ff9fb6e3000 	C:\Windows\SYSTEM32\windows.storage.dll
0x00007ff9faca0000 - 0x00007ff9faddf000 	C:\Windows\SYSTEM32\wintypes.dll
0x00007ff9fe540000 - 0x00007ff9fe639000 	C:\Windows\System32\SHCORE.dll
0x00007ff9ff590000 - 0x00007ff9ff5ee000 	C:\Windows\System32\shlwapi.dll
0x00007ff9fce20000 - 0x00007ff9fce4b000 	C:\Windows\SYSTEM32\profapi.dll
0x00007ff997db0000 - 0x00007ff997dc7000 	C:\Users\Admin\.jdks\openjdk-23\bin\zip.dll
0x00007ff99dfa0000 - 0x00007ff99dfb0000 	C:\Users\Admin\.jdks\openjdk-23\bin\net.dll
0x00007ff9fc390000 - 0x00007ff9fc3f9000 	C:\Windows\system32\mswsock.dll
0x00007ff997970000 - 0x00007ff997986000 	C:\Users\Admin\.jdks\openjdk-23\bin\nio.dll
0x00007ff997d50000 - 0x00007ff997d6a000 	C:\Users\Admin\AppData\Local\Programs\IntelliJ IDEA Ultimate 2024.1.2\bin\breakgen64.dll
0x00007ff997d40000 - 0x00007ff997d49000 	C:\Users\Admin\.jdks\openjdk-23\bin\extnet.dll
0x00007ff9fb970000 - 0x00007ff9fba72000 	C:\Windows\SYSTEM32\DNSAPI.dll
0x00007ff9fb940000 - 0x00007ff9fb96d000 	C:\Windows\SYSTEM32\IPHLPAPI.DLL
0x00007ff9fe640000 - 0x00007ff9fe649000 	C:\Windows\System32\NSI.dll
0x00007ff9f8910000 - 0x00007ff9f891a000 	C:\Windows\System32\rasadhlp.dll
0x00007ff9f6d00000 - 0x00007ff9f6d83000 	C:\Windows\System32\fwpuclnt.dll
0x00007ff997d30000 - 0x00007ff997d3a000 	C:\Users\Admin\.jdks\openjdk-23\bin\management.dll
0x00007ff997d20000 - 0x00007ff997d2b000 	C:\Users\Admin\.jdks\openjdk-23\bin\management_ext.dll
0x00007ff9fe480000 - 0x00007ff9fe488000 	C:\Windows\System32\PSAPI.DLL
0x00007ff9fc600000 - 0x00007ff9fc61b000 	C:\Windows\SYSTEM32\CRYPTSP.dll
0x00007ff9fbe60000 - 0x00007ff9fbe95000 	C:\Windows\system32\rsaenh.dll
0x00007ff9fc480000 - 0x00007ff9fc4a8000 	C:\Windows\SYSTEM32\USERENV.dll
0x00007ff9fc620000 - 0x00007ff9fc62c000 	C:\Windows\SYSTEM32\CRYPTBASE.dll
0x00007ff9bd5c0000 - 0x00007ff9bd5d7000 	C:\Windows\system32\napinsp.dll
0x00007ff9bcbf0000 - 0x00007ff9bcc0b000 	C:\Windows\system32\pnrpnsp.dll
0x00007ff9bcbd0000 - 0x00007ff9bcbe1000 	C:\Windows\System32\winrnr.dll
0x00007ff9f71d0000 - 0x00007ff9f71e5000 	C:\Windows\system32\wshbth.dll
0x00007ff9cdca0000 - 0x00007ff9cdcc7000 	C:\Windows\system32\nlansp_c.dll
0x00007ff997cd0000 - 0x00007ff997cde000 	C:\Users\Admin\.jdks\openjdk-23\bin\sunmscapi.dll
0x00007ff9fd600000 - 0x00007ff9fd766000 	C:\Windows\System32\CRYPT32.dll
0x00007ff9fc7c0000 - 0x00007ff9fc7ed000 	C:\Windows\SYSTEM32\ncrypt.dll
0x00007ff9fc780000 - 0x00007ff9fc7b7000 	C:\Windows\SYSTEM32\NTASN1.dll
0x00007ff9f73f0000 - 0x00007ff9f7400000 	C:\Users\Admin\.jdks\openjdk-23\bin\verify.dll
0x00007ff9c8350000 - 0x00007ff9c8358000 	C:\Windows\system32\wshunix.dll

dbghelp: loaded successfully - version: 4.0.5 - missing functions: none
symbol engine: initialized successfully - sym options: 0x614 - pdb path: .;C:\Users\Admin\.jdks\openjdk-23\bin;C:\Windows\SYSTEM32;C:\Windows\WinSxS\amd64_microsoft.windows.common-controls_6595b64144ccf1df_6.0.22621.4391_none_2715d37f73803e96;C:\Users\Admin\.jdks\openjdk-23\bin\server;C:\Users\Admin\AppData\Local\Programs\IntelliJ IDEA Ultimate 2024.1.2\bin

VM Arguments:
jvm_args: -XX:TieredStopAtLevel=1 -Dspring.output.ansi.enabled=always -Dcom.sun.management.jmxremote -Dspring.jmx.enabled=true -Dspring.liveBeansView.mbeanDomain -Dspring.application.admin.enabled=true -Dmanagement.endpoints.jmx.exposure.include=* -javaagent:C:\Users\Admin\AppData\Local\Programs\IntelliJ IDEA Ultimate 2024.1.2\lib\idea_rt.jar=50560:C:\Users\Admin\AppData\Local\Programs\IntelliJ IDEA Ultimate 2024.1.2\bin -Dfile.encoding=UTF-8 -Dsun.stdout.encoding=UTF-8 -Dsun.stderr.encoding=UTF-8 
java_command: com.example.testc.TestCApplication
java_class_path (initial): D:\project_demo\testC\testC\target\classes;C:\Users\Admin\.m2\repository\com\mysql\mysql-connector-j\8.0.33\mysql-connector-j-8.0.33.jar;C:\Users\Admin\.m2\repository\org\springframework\boot\spring-boot-starter-data-jpa\3.3.5\spring-boot-starter-data-jpa-3.3.5.jar;C:\Users\Admin\.m2\repository\org\springframework\boot\spring-boot-starter-aop\3.3.5\spring-boot-starter-aop-3.3.5.jar;C:\Users\Admin\.m2\repository\org\springframework\spring-aop\6.1.14\spring-aop-6.1.14.jar;C:\Users\Admin\.m2\repository\org\aspectj\aspectjweaver\1.9.22.1\aspectjweaver-1.9.22.1.jar;C:\Users\Admin\.m2\repository\org\springframework\boot\spring-boot-starter-jdbc\3.3.5\spring-boot-starter-jdbc-3.3.5.jar;C:\Users\Admin\.m2\repository\com\zaxxer\HikariCP\5.1.0\HikariCP-5.1.0.jar;C:\Users\Admin\.m2\repository\org\springframework\spring-jdbc\6.1.14\spring-jdbc-6.1.14.jar;C:\Users\Admin\.m2\repository\org\hibernate\orm\hibernate-core\6.5.3.Final\hibernate-core-6.5.3.Final.jar;C:\Users\Admin\.m2\repository\jakarta\persistence\jakarta.persistence-api\3.1.0\jakarta.persistence-api-3.1.0.jar;C:\Users\Admin\.m2\repository\jakarta\transaction\jakarta.transaction-api\2.0.1\jakarta.transaction-api-2.0.1.jar;C:\Users\Admin\.m2\repository\org\jboss\logging\jboss-logging\3.5.3.Final\jboss-logging-3.5.3.Final.jar;C:\Users\Admin\.m2\repository\org\hibernate\common\hibernate-commons-annotations\6.0.6.Final\hibernate-commons-annotations-6.0.6.Final.jar;C:\Users\Admin\.m2\repository\io\smallrye\jandex\3.1.2\jandex-3.1.2.jar;C:\Users\Admin\.m2\repository\com\fasterxml\classmate\1.7.0\classmate-1.7.0.jar;C:\Users\Admin\.m2\repository\net\bytebuddy\byte-buddy\1.14.19\byte-buddy-1.14.19.jar;C:\Users\Admin\.m2\repository\org\glassfish\jaxb\jaxb-runtime\4.0.5\jaxb-runtime-4.0.5.jar;C:\Users\Admin\.m2\repository\org\glassfish\jaxb\jaxb-core\4.0.5\jaxb-core-4.0.5.jar;C:\Users\Admin\.m2\repository\org\eclipse\angus\angus-activation\2.0.2\angus-activation-2.0.2.jar;C:\Users\Admin\.m2\repository\org\glassfish\jaxb\txw2\4.0.5\txw2-4.0.5.jar;C:\Users\Admin\.m2\repository\com\sun\istack\istack-commons-runtime\4.1.2\istack-commons-runtime-4.1.2.jar;C:\Users\Admin\.m2\repository\jakarta\inject\jakarta.inject-api\2.0.1\jakarta.inject-api-2.0.1.jar;C:\Users\Admin\.m2\repository\org\antlr\antlr4-runtime\4.13.0\antlr4-runtime-4.13.0.jar;C:\Users\Admin\.m2\repository\org\springframework\data\spring-data-jpa\3.3.5\spring-data-jpa-3.3.5.jar;C:\Users\Admin\.m2\repository\org\springframework\data\spring-data-commons\3.3.5\spring-data-commons-3.3.5.jar;C:\Users\Admin\.m2\repository\org\springframework\spring-orm\6.1.14\spring-orm-6.1.14.jar;C:\Users\Admin\.m2\repository\org\springframework\spring-context\6.1.14\spring-context-6.1.14.jar;C:\Users\Admin\.m2\repository\org\springframework\spring-tx\6.1.14\spring-tx-6.1.14.jar;C:\Users\Admin\.m2\repository\org\springframework\spring-beans\6.1.14\spring-beans-6.1.14.jar;C:\Users\Admin\.m2\repository\jakarta\annotation\jakarta.annotation-api\2.1.1\jakarta.annotation-api-2.1.1.jar;C:\Users\Admin\.m2\repository\org\slf4j\slf4j-api\2.0.16\slf4j-api-2.0.16.jar;C:\Users\Admin\.m2\repository\org\springframework\spring-aspects\6.1.14\spring-aspects-6.1.14.jar;C:\Users\Admin\.m2\repository\org\springframework\boot\spring-boot-starter-thymeleaf\3.3.5\spring-boot-starter-thymeleaf-3.3.5.jar;C:\Users\Admin\.m2\repository\org\springframework\boot\spring-boot-starter\3.3.5\spring-boot-starter-3.3.5.jar;C:\Users\Admin\.m2\repository\org\springframework\boot\spring-boot-starter-logging\3.3.5\spring-boot-starter-logging-3.3.5.jar;C:\Users\Admin\.m2\repository\ch\qos\logback\logback-classic\1.5.11\logback-classic-1.5.11.jar;C:\Users\Admin\.m2\repository\ch\qos\logback\logback-core\1.5.11\logback-core-1.5.11.jar;C:\Users\Admin\.m2\repository\org\apache\logging\log4j\log4j-to-slf4j\2.23.1\log4j-to-slf4j-2.23.1.jar;C:\Users\Admin\.m2\repository\org\apache\logging\log4j\log4j-api\2.23.1\log4j-api-2.23.1.jar;C:\Users\Admin\.m2\repository\org\slf4j\jul-to-slf4j\2.0.16\jul-to-slf4j-2.0.16.jar;C:\Users\Admin\.m2\repository\org\yaml\snakeyaml\2.2\snakeyaml-2.2.jar;C:\Users\Admin\.m2\repository\org\thymeleaf\thymeleaf-spring6\3.1.2.RELEASE\thymeleaf-spring6-3.1.2.RELEASE.jar;C:\Users\Admin\.m2\repository\org\thymeleaf\thymeleaf\3.1.2.RELEASE\thymeleaf-3.1.2.RELEASE.jar;C:\Users\Admin\.m2\repository\org\attoparser\attoparser\2.0.7.RELEASE\attoparser-2.0.7.RELEASE.jar;C:\Users\Admin\.m2\repository\org\unbescape\unbescape\1.1.6.RELEASE\unbescape-1.1.6.RELEASE.jar;C:\Users\Admin\.m2\repository\org\springframework\boot\spring-boot-starter-validation\3.3.5\spring-boot-starter-validation-3.3.5.jar;C:\Users\Admin\.m2\repository\org\apache\tomcat\embed\tomcat-embed-el\10.1.31\tomcat-embed-el-10.1.31.jar;C:\Users\Admin\.m2\repository\org\hibernate\validator\hibernate-validator\8.0.1.Final\hibernate-validator-8.0.1.Final.jar;C:\Users\Admin\.m2\repository\jakarta\validation\jakarta.validation-api\3.0.2\jakarta.validation-api-3.0.2.jar;C:\Users\Admin\.m2\repository\org\springframework\boot\spring-boot-starter-web\3.3.5\spring-boot-starter-web-3.3.5.jar;C:\Users\Admin\.m2\repository\org\springframework\boot\spring-boot-starter-json\3.3.5\spring-boot-starter-json-3.3.5.jar;C:\Users\Admin\.m2\repository\com\fasterxml\jackson\core\jackson-databind\2.17.2\jackson-databind-2.17.2.jar;C:\Users\Admin\.m2\repository\com\fasterxml\jackson\core\jackson-annotations\2.17.2\jackson-annotations-2.17.2.jar;C:\Users\Admin\.m2\repository\com\fasterxml\jackson\core\jackson-core\2.17.2\jackson-core-2.17.2.jar;C:\Users\Admin\.m2\repository\com\fasterxml\jackson\datatype\jackson-datatype-jdk8\2.17.2\jackson-datatype-jdk8-2.17.2.jar;C:\Users\Admin\.m2\repository\com\fasterxml\jackson\datatype\jackson-datatype-jsr310\2.17.2\jackson-datatype-jsr310-2.17.2.jar;C:\Users\Admin\.m2\repository\com\fasterxml\jackson\module\jackson-module-parameter-names\2.17.2\jackson-module-parameter-names-2.17.2.jar;C:\Users\Admin\.m2\repository\org\springframework\boot\spring-boot-starter-tomcat\3.3.5\spring-boot-starter-tomcat-3.3.5.jar;C:\Users\Admin\.m2\repository\org\apache\tomcat\embed\tomcat-embed-core\10.1.31\tomcat-embed-core-10.1.31.jar;C:\Users\Admin\.m2\repository\org\apache\tomcat\embed\tomcat-embed-websocket\10.1.31\tomcat-embed-websocket-10.1.31.jar;C:\Users\Admin\.m2\repository\org\springframework\spring-web\6.1.14\spring-web-6.1.14.jar;C:\Users\Admin\.m2\repository\io\micrometer\micrometer-observation\1.13.6\micrometer-observation-1.13.6.jar;C:\Users\Admin\.m2\repository\io\micrometer\micrometer-commons\1.13.6\micrometer-commons-1.13.6.jar;C:\Users\Admin\.m2\repository\org\springframework\spring-webmvc\6.1.14\spring-webmvc-6.1.14.jar;C:\Users\Admin\.m2\repository\org\springframework\spring-expression\6.1.14\spring-expression-6.1.14.jar;C:\Users\Admin\.m2\repository\org\springframework\boot\spring-boot-devtools\3.3.5\spring-boot-devtools-3.3.5.jar;C:\Users\Admin\.m2\repository\org\springframework\boot\spring-boot\3.3.5\spring-boot-3.3.5.jar;C:\Users\Admin\.m2\repository\org\springframework\boot\spring-boot-autoconfigure\3.3.5\spring-boot-autoconfigure-3.3.5.jar;C:\Users\Admin\.m2\repository\org\projectlombok\lombok\1.18.34\lombok-1.18.34.jar;C:\Users\Admin\.m2\repository\jakarta\xml\bind\jakarta.xml.bind-api\4.0.2\jakarta.xml.bind-api-4.0.2.jar;C:\Users\Admin\.m2\repository\jakarta\activation\jakarta.activation-api\2.1.3\jakarta.activation-api-2.1.3.jar;C:\Users\Admin\.m2\repository\org\springframework\spring-core\6.1.14\spring-core-6.1.14.jar;C:\Users\Admin\.m2\repository\org\springframework\spring-jcl\6.1.14\spring-jcl-6.1.14.jar
Launcher Type: SUN_STANDARD

[Global flags]
     intx CICompilerCount                          = 4                                         {product} {ergonomic}
     uint ConcGCThreads                            = 3                                         {product} {ergonomic}
     uint G1ConcRefinementThreads                  = 10                                        {product} {ergonomic}
   size_t G1HeapRegionSize                         = 1048576                                   {product} {ergonomic}
   size_t InitialHeapSize                          = 123731968                                 {product} {ergonomic}
     bool ManagementServer                         = true                                      {product} {command line}
   size_t MarkStackSize                            = 4194304                                   {product} {ergonomic}
   size_t MarkStackSizeMax                         = 536870912                                 {product} {ergonomic}
   size_t MaxHeapSize                              = 1975517184                                {product} {ergonomic}
   size_t MaxNewSize                               = 1184890880                                {product} {ergonomic}
   size_t MinHeapDeltaBytes                        = 1048576                                   {product} {ergonomic}
   size_t MinHeapSize                              = 8388608                                   {product} {ergonomic}
    uintx NonNMethodCodeHeapSize                   = 4096                                   {pd product} {ergonomic}
    uintx NonProfiledCodeHeapSize                  = 0                                      {pd product} {ergonomic}
     bool ProfileInterpreter                       = false                                  {pd product} {command line}
    uintx ProfiledCodeHeapSize                     = 0                                      {pd product} {ergonomic}
   size_t SoftMaxHeapSize                          = 1975517184                             {manageable} {ergonomic}
     intx TieredStopAtLevel                        = 1                                         {product} {command line}
     bool UseCompressedOops                        = true                           {product lp64_product} {ergonomic}
     bool UseG1GC                                  = true                                      {product} {ergonomic}
     bool UseLargePagesIndividualAllocation        = false                                  {pd product} {ergonomic}

Logging:
Log output configuration:
 #0: stdout all=warning uptime,level,tags foldmultilines=false
 #1: stderr all=off uptime,level,tags foldmultilines=false

Environment Variables:
PATH=C:\Program Files\Common Files\Oracle\Java\javapath;C:\Windows\system32;C:\Windows;C:\Windows\System32\Wbem;C:\Windows\System32\WindowsPowerShell\v1.0\;C:\Windows\System32\OpenSSH\;C:\Program Files\Docker\Docker\resources\bin;C:\Program Files\Microsoft SQL Server\110\Tools\Binn\;C:\Program Files (x86)\Microsoft SQL Server\110\Tools\Binn\;C:\Program Files\Microsoft SQL Server\110\DTS\Binn\;C:\Program Files (x86)\Microsoft SQL Server\110\Tools\Binn\ManagementStudio\;C:\Program Files (x86)\Microsoft Visual Studio 10.0\Common7\IDE\PrivateAssemblies\;C:\Program Files (x86)\Microsoft SQL Server\110\DTS\Binn\;C:\Program Files\Git\cmd;C:\Program Files\nodejs\;C:\Program Files\dotnet\;C:\Users\Admin\AppData\Local\Microsoft\WindowsApps;C:\Users\Admin\AppData\Local\Programs\Microsoft VS Code\bin;C:\Users\Admin\AppData\Roaming\npm;C:\Users\Admin\dartsdk-windows-x64-release;D:\Dowloads\android-studio-2024.1.2.13-windows;C:\Users\Admin\AppData\Local\Android\Sdk\platform-tools;D:\flutter;D:\flutter\bin;D:\dart-sdk;D:\dart-sdk\bin;C:\flutter\bin;C:\dart-sdk\bin;C:\dart-sdk;
USERNAME=Admin
OS=Windows_NT
PROCESSOR_IDENTIFIER=AMD64 Family 25 Model 80 Stepping 0, AuthenticAMD
TMP=C:\Users\Admin\AppData\Local\Temp
TEMP=C:\Users\Admin\AppData\Local\Temp




Periodic native trim disabled

---------------  S Y S T E M  ---------------

OS:
 Windows 11 , 64 bit Build 22621 (10.0.22621.4391)
OS uptime: 0 days 0:10 hours
Hyper-V role detected

CPU: total 12 (initial active 12) (12 cores per cpu, 2 threads per core) family 25 model 80 stepping 0 microcode 0x0, cx8, cmov, fxsr, ht, mmx, 3dnowpref, sse, sse2, sse3, ssse3, sse4a, sse4.1, sse4.2, popcnt, lzcnt, tsc, tscinvbit, avx, avx2, aes, erms, clmul, bmi1, bmi2, adx, sha, fma, vzeroupper, clflush, clflushopt, hv, rdtscp, rdpid, fsrm, f16c, cet_ss
Processor Information for processor 0
  Max Mhz: 3301, Current Mhz: 3301, Mhz Limit: 3301
Processor Information for processor 1
  Max Mhz: 3301, Current Mhz: 3301, Mhz Limit: 3301
Processor Information for processor 2
  Max Mhz: 3301, Current Mhz: 2630, Mhz Limit: 3301
Processor Information for processor 3
  Max Mhz: 3301, Current Mhz: 3301, Mhz Limit: 3301
Processor Information for processor 4
  Max Mhz: 3301, Current Mhz: 3301, Mhz Limit: 3301
Processor Information for processor 5
  Max Mhz: 3301, Current Mhz: 3301, Mhz Limit: 3301
Processor Information for processor 6
  Max Mhz: 3301, Current Mhz: 3301, Mhz Limit: 3301
Processor Information for processor 7
  Max Mhz: 3301, Current Mhz: 3301, Mhz Limit: 3301
Processor Information for processor 8
  Max Mhz: 3301, Current Mhz: 3301, Mhz Limit: 3301
Processor Information for processor 9
  Max Mhz: 3301, Current Mhz: 3301, Mhz Limit: 3301
Processor Information for processor 10
  Max Mhz: 3301, Current Mhz: 3301, Mhz Limit: 3301
Processor Information for processor 11
  Max Mhz: 3301, Current Mhz: 3301, Mhz Limit: 3301

Memory: 4k page, system-wide physical 7528M (474M free)
TotalPageFile size 12113M (AvailPageFile size 6M)
current process WorkingSet (physical memory assigned to process): 235M, peak: 235M
current process commit charge ("private bytes"): 310M, peak: 311M

vm_info: OpenJDK 64-Bit Server VM (23+37-2369) for windows-amd64 JRE (23+37-2369), built on 2024-08-20T16:01:23Z with MS VC++ 17.6 (VS2022)

END.
